This file contains any messages produced by compilers while
running configure, to aid debugging if configure makes a mistake.

It was created by gst-zeromq configure 1.0.0, which was
generated by GNU Autoconf 2.69.  Invocation command line was

  $ ./configure 

## --------- ##
## Platform. ##
## --------- ##

hostname = HP-ALPHA-CENTAURI
uname -m = x86_64
uname -r = 5.13.0-39-generic
uname -s = Linux
uname -v = #44~20.04.1-Ubuntu SMP Thu Mar 24 16:43:35 UTC 2022

/usr/bin/uname -p = x86_64
/bin/uname -X     = unknown

/bin/arch              = x86_64
/usr/bin/arch -k       = unknown
/usr/convex/getsysinfo = unknown
/usr/bin/hostinfo      = unknown
/bin/machine           = unknown
/usr/bin/oslevel       = unknown
/bin/universe          = unknown

PATH: /opt/ros/noetic/bin
PATH: /home/luc/.local/bin
PATH: /usr/local/sbin
PATH: /usr/local/bin
PATH: /usr/sbin
PATH: /usr/bin
PATH: /sbin
PATH: /bin
PATH: /usr/games
PATH: /usr/local/games
PATH: /snap/bin


## ----------- ##
## Core tests. ##
## ----------- ##

configure:2214: checking for a BSD-compatible install
configure:2282: result: /usr/bin/install -c
configure:2293: checking whether build environment is sane
configure:2348: result: yes
configure:2497: checking for a thread-safe mkdir -p
configure:2536: result: /usr/bin/mkdir -p
configure:2543: checking for gawk
configure:2559: found /usr/bin/gawk
configure:2570: result: gawk
configure:2581: checking whether make sets $(MAKE)
configure:2603: result: yes
configure:2632: checking whether make supports nested variables
configure:2649: result: yes
configure:2777: checking whether to enable maintainer-specific portions of Makefiles
configure:2786: result: yes
configure:2848: checking for gcc
configure:2864: found /usr/bin/gcc
configure:2875: result: gcc
configure:3104: checking for C compiler version
configure:3113: gcc --version >&5
gcc (Ubuntu 9.4.0-1ubuntu1~20.04.1) 9.4.0
Copyright (C) 2019 Free Software Foundation, Inc.
This is free software; see the source for copying conditions.  There is NO
warranty; not even for MERCHANTABILITY or FITNESS FOR A PARTICULAR PURPOSE.

configure:3124: $? = 0
configure:3113: gcc -v >&5
Using built-in specs.
COLLECT_GCC=gcc
COLLECT_LTO_WRAPPER=/usr/lib/gcc/x86_64-linux-gnu/9/lto-wrapper
OFFLOAD_TARGET_NAMES=nvptx-none:hsa
OFFLOAD_TARGET_DEFAULT=1
Target: x86_64-linux-gnu
Configured with: ../src/configure -v --with-pkgversion='Ubuntu 9.4.0-1ubuntu1~20.04.1' --with-bugurl=file:///usr/share/doc/gcc-9/README.Bugs --enable-languages=c,ada,c++,go,brig,d,fortran,objc,obj-c++,gm2 --prefix=/usr --with-gcc-major-version-only --program-suffix=-9 --program-prefix=x86_64-linux-gnu- --enable-shared --enable-linker-build-id --libexecdir=/usr/lib --without-included-gettext --enable-threads=posix --libdir=/usr/lib --enable-nls --enable-clocale=gnu --enable-libstdcxx-debug --enable-libstdcxx-time=yes --with-default-libstdcxx-abi=new --enable-gnu-unique-object --disable-vtable-verify --enable-plugin --enable-default-pie --with-system-zlib --with-target-system-zlib=auto --enable-objc-gc=auto --enable-multiarch --disable-werror --with-arch-32=i686 --with-abi=m64 --with-multilib-list=m32,m64,mx32 --enable-multilib --with-tune=generic --enable-offload-targets=nvptx-none=/build/gcc-9-Av3uEd/gcc-9-9.4.0/debian/tmp-nvptx/usr,hsa --without-cuda-driver --enable-checking=release --build=x86_64-linux-gnu --host=x86_64-linux-gnu --target=x86_64-linux-gnu
Thread model: posix
gcc version 9.4.0 (Ubuntu 9.4.0-1ubuntu1~20.04.1) 
configure:3124: $? = 0
configure:3113: gcc -V >&5
gcc: error: unrecognized command line option '-V'
gcc: fatal error: no input files
compilation terminated.
configure:3124: $? = 1
configure:3113: gcc -qversion >&5
gcc: error: unrecognized command line option '-qversion'; did you mean '--version'?
gcc: fatal error: no input files
compilation terminated.
configure:3124: $? = 1
configure:3144: checking whether the C compiler works
configure:3166: gcc    conftest.c  >&5
configure:3170: $? = 0
configure:3218: result: yes
configure:3221: checking for C compiler default output file name
configure:3223: result: a.out
configure:3229: checking for suffix of executables
configure:3236: gcc -o conftest    conftest.c  >&5
configure:3240: $? = 0
configure:3262: result: 
configure:3284: checking whether we are cross compiling
configure:3292: gcc -o conftest    conftest.c  >&5
configure:3296: $? = 0
configure:3303: ./conftest
configure:3307: $? = 0
configure:3295: result: no
configure:3300: checking for suffix of object files
configure:3322: gcc -c   conftest.c >&5
configure:3326: $? = 0
configure:3347: result: o
configure:3351: checking whether we are using the GNU C compiler
configure:3370: gcc -c   conftest.c >&5
configure:3370: $? = 0
configure:3379: result: yes
configure:3388: checking whether gcc accepts -g
configure:3408: gcc -c -g  conftest.c >&5
configure:3408: $? = 0
configure:3449: result: yes
configure:3466: checking for gcc option to accept ISO C89
configure:3529: gcc  -c -g -O2  conftest.c >&5
configure:3529: $? = 0
configure:3542: result: none needed
configure:3567: checking whether gcc understands -c and -o together
configure:3589: gcc -c conftest.c -o conftest2.o
configure:3592: $? = 0
configure:3589: gcc -c conftest.c -o conftest2.o
configure:3592: $? = 0
configure:3604: result: yes
configure:3624: checking whether make supports the include directive
configure:3639: make -f confmf.GNU && cat confinc.out
this is the am__doit target
configure:3642: $? = 0
configure:3661: result: yes (GNU style)
configure:3686: checking dependency style of gcc
configure:3797: result: gcc3
configure:3843: checking build system type
configure:3857: result: x86_64-pc-linux-gnu
configure:3877: checking host system type
configure:3890: result: x86_64-pc-linux-gnu
configure:3931: checking how to print strings
configure:3958: result: printf
configure:3979: checking for a sed that does not truncate output
configure:4043: result: /usr/bin/sed
configure:4061: checking for grep that handles long lines and -e
configure:4119: result: /usr/bin/grep
configure:4124: checking for egrep
configure:4186: result: /usr/bin/grep -E
configure:4191: checking for fgrep
configure:4253: result: /usr/bin/grep -F
configure:4288: checking for ld used by gcc
configure:4355: result: /usr/bin/ld
configure:4362: checking if the linker (/usr/bin/ld) is GNU ld
configure:4377: result: yes
configure:4389: checking for BSD- or MS-compatible name lister (nm)
configure:4443: result: /usr/bin/nm -B
configure:4573: checking the name lister (/usr/bin/nm -B) interface
configure:4580: gcc -c -g -O2  conftest.c >&5
configure:4583: /usr/bin/nm -B "conftest.o"
configure:4586: output
0000000000000000 B some_variable
configure:4587: result: BSD nm
configure:4590: checking whether ln -s works
configure:4594: result: yes
configure:4602: checking the maximum length of command line arguments
configure:4733: result: 1572864
configure:4781: checking how to convert x86_64-pc-linux-gnu file names to x86_64-pc-linux-gnu format
configure:4821: result: func_convert_file_noop
configure:4828: checking how to convert x86_64-pc-linux-gnu file names to toolchain format
configure:4848: result: func_convert_file_noop
configure:4855: checking for /usr/bin/ld option to reload object files
configure:4862: result: -r
configure:4936: checking for objdump
configure:4952: found /usr/bin/objdump
configure:4963: result: objdump
configure:4995: checking how to recognize dependent libraries
configure:5195: result: pass_all
configure:5280: checking for dlltool
configure:5310: result: no
configure:5340: checking how to associate runtime and link libraries
configure:5367: result: printf %s\n
configure:5428: checking for ar
configure:5444: found /usr/bin/ar
configure:5455: result: ar
configure:5492: checking for archiver @FILE support
configure:5509: gcc -c -g -O2  conftest.c >&5
configure:5509: $? = 0
configure:5512: ar cr libconftest.a @conftest.lst >&5
configure:5515: $? = 0
configure:5520: ar cr libconftest.a @conftest.lst >&5
ar: conftest.o: No such file or directory
configure:5523: $? = 1
configure:5522: result: @
configure:5580: checking for strip
configure:5596: found /usr/bin/strip
configure:5607: result: strip
configure:5679: checking for ranlib
configure:5695: found /usr/bin/ranlib
configure:5706: result: ranlib
configure:5808: checking command to parse /usr/bin/nm -B output from gcc object
configure:5961: gcc -c -g -O2  conftest.c >&5
configure:5964: $? = 0
configure:5968: /usr/bin/nm -B conftest.o | sed -n -e 's/^.*[	 ]\([ABCDGIRSTW][ABCDGIRSTW]*\)[	 ][	 ]*\([_A-Za-z][_A-Za-z0-9]*\)$/\1 \2 \2/p' | sed '/ __gnu_lto/d' > conftest.nm
configure:6034: gcc -o conftest -g -O2   conftest.c conftstm.o >&5
configure:6037: $? = 0
configure:6075: result: ok
configure:6122: checking for sysroot
configure:6152: result: no
configure:6159: checking for a working dd
configure:6197: result: /usr/bin/dd
configure:6201: checking how to truncate binary pipes
configure:6216: result: /usr/bin/dd bs=4096 count=1
configure:6352: gcc -c -g -O2  conftest.c >&5
configure:6355: $? = 0
configure:6545: checking for mt
configure:6561: found /usr/bin/mt
configure:6572: result: mt
configure:6595: checking if mt is a manifest tool
configure:6601: mt '-?'
configure:6609: result: no
configure:7286: checking how to run the C preprocessor
configure:7317: gcc -E  conftest.c
configure:7317: $? = 0
configure:7331: gcc -E  conftest.c
conftest.c:11:10: fatal error: ac_nonexistent.h: No such file or directory
   11 | #include <ac_nonexistent.h>
      |          ^~~~~~~~~~~~~~~~~~
compilation terminated.
configure:7331: $? = 1
configure: failed program was:
| /* confdefs.h */
| #define PACKAGE_NAME "gst-zeromq"
| #define PACKAGE_TARNAME "gst-zeromq"
| #define PACKAGE_VERSION "1.0.0"
| #define PACKAGE_STRING "gst-zeromq 1.0.0"
| #define PACKAGE_BUGREPORT ""
| #define PACKAGE_URL ""
| #define PACKAGE "gst-zeromq"
| #define VERSION "1.0.0"
| /* end confdefs.h.  */
| #include <ac_nonexistent.h>
configure:7356: result: gcc -E
configure:7376: gcc -E  conftest.c
configure:7376: $? = 0
configure:7390: gcc -E  conftest.c
conftest.c:11:10: fatal error: ac_nonexistent.h: No such file or directory
   11 | #include <ac_nonexistent.h>
      |          ^~~~~~~~~~~~~~~~~~
compilation terminated.
configure:7390: $? = 1
configure: failed program was:
| /* confdefs.h */
| #define PACKAGE_NAME "gst-zeromq"
| #define PACKAGE_TARNAME "gst-zeromq"
| #define PACKAGE_VERSION "1.0.0"
| #define PACKAGE_STRING "gst-zeromq 1.0.0"
| #define PACKAGE_BUGREPORT ""
| #define PACKAGE_URL ""
| #define PACKAGE "gst-zeromq"
| #define VERSION "1.0.0"
| /* end confdefs.h.  */
| #include <ac_nonexistent.h>
configure:7419: checking for ANSI C header files
configure:7439: gcc -c -g -O2  conftest.c >&5
configure:7439: $? = 0
configure:7512: gcc -o conftest -g -O2   conftest.c  >&5
configure:7512: $? = 0
configure:7512: ./conftest
configure:7512: $? = 0
configure:7523: result: yes
configure:7536: checking for sys/types.h
configure:7536: gcc -c -g -O2  conftest.c >&5
configure:7536: $? = 0
configure:7536: result: yes
configure:7536: checking for sys/stat.h
configure:7536: gcc -c -g -O2  conftest.c >&5
configure:7536: $? = 0
configure:7536: result: yes
configure:7536: checking for stdlib.h
configure:7536: gcc -c -g -O2  conftest.c >&5
configure:7536: $? = 0
configure:7536: result: yes
configure:7536: checking for string.h
configure:7536: gcc -c -g -O2  conftest.c >&5
configure:7536: $? = 0
configure:7536: result: yes
configure:7536: checking for memory.h
configure:7536: gcc -c -g -O2  conftest.c >&5
configure:7536: $? = 0
configure:7536: result: yes
configure:7536: checking for strings.h
configure:7536: gcc -c -g -O2  conftest.c >&5
configure:7536: $? = 0
configure:7536: result: yes
configure:7536: checking for inttypes.h
configure:7536: gcc -c -g -O2  conftest.c >&5
configure:7536: $? = 0
configure:7536: result: yes
configure:7536: checking for stdint.h
configure:7536: gcc -c -g -O2  conftest.c >&5
configure:7536: $? = 0
configure:7536: result: yes
configure:7536: checking for unistd.h
configure:7536: gcc -c -g -O2  conftest.c >&5
configure:7536: $? = 0
configure:7536: result: yes
configure:7550: checking for dlfcn.h
configure:7550: gcc -c -g -O2  conftest.c >&5
configure:7550: $? = 0
configure:7550: result: yes
configure:7806: checking for objdir
configure:7821: result: .libs
configure:8081: checking if gcc supports -fno-rtti -fno-exceptions
configure:8099: gcc -c -g -O2  -fno-rtti -fno-exceptions conftest.c >&5
cc1: warning: command line option '-fno-rtti' is valid for C++/D/ObjC++ but not for C
configure:8103: $? = 0
configure:8116: result: no
configure:8480: checking for gcc option to produce PIC
configure:8487: result: -fPIC -DPIC
configure:8495: checking if gcc PIC flag -fPIC -DPIC works
configure:8513: gcc -c -g -O2  -fPIC -DPIC -DPIC conftest.c >&5
configure:8517: $? = 0
configure:8530: result: yes
configure:8559: checking if gcc static flag -static works
configure:8587: result: yes
configure:8602: checking if gcc supports -c -o file.o
configure:8623: gcc -c -g -O2  -o out/conftest2.o conftest.c >&5
configure:8627: $? = 0
configure:8649: result: yes
configure:8657: checking if gcc supports -c -o file.o
configure:8704: result: yes
configure:8737: checking whether the gcc linker (/usr/bin/ld -m elf_x86_64) supports shared libraries
configure:10000: result: yes
configure:10037: checking whether -lc should be explicitly linked in
configure:10045: gcc -c -g -O2  conftest.c >&5
configure:10048: $? = 0
configure:10063: gcc -shared  -fPIC -DPIC conftest.o  -v -Wl,-soname -Wl,conftest -o conftest 2\>\&1 \| /usr/bin/grep  -lc  \>/dev/null 2\>\&1
configure:10066: $? = 0
configure:10080: result: no
configure:10240: checking dynamic linker characteristics
configure:10821: gcc -o conftest -g -O2   -Wl,-rpath -Wl,/foo conftest.c  >&5
configure:10821: $? = 0
configure:11070: result: GNU/Linux ld.so
configure:11192: checking how to hardcode library paths into programs
configure:11217: result: immediate
configure:11765: checking whether stripping libraries is possible
configure:11770: result: yes
configure:11805: checking if libtool supports shared libraries
configure:11807: result: yes
configure:11810: checking whether to build shared libraries
configure:11835: result: yes
configure:11838: checking whether to build static libraries
configure:11842: result: yes
configure:8658: checking for pkg-config
configure:8674: found /usr/bin/pkg-config
configure:8688: result:  
configure:8759: checking for pkg-config
configure:8777: found /usr/bin/pkg-config
configure:8789: result: /usr/bin/pkg-config
configure:8814: checking pkg-config is at least version 0.9.0
configure:8817: result: yes
configure:8827: checking for GST
configure:8838: $PKG_CONFIG --exists --print-errors "
  gstreamer-1.0 >= $GST_REQUIRED
  gstreamer-base-1.0 >= $GST_REQUIRED
  gstreamer-controller-1.0 >= $GST_REQUIRED
"
configure:8845: $? = 0
configure:8867: $PKG_CONFIG --exists --print-errors "
  gstreamer-1.0 >= $GST_REQUIRED
  gstreamer-base-1.0 >= $GST_REQUIRED
  gstreamer-controller-1.0 >= $GST_REQUIRED
"
configure:8874: $? = 0
configure:8940: result: yes
configure:8950: checking for ZMQ
configure:8957: $PKG_CONFIG --exists --print-errors "libzmq >= 2.2.0"
configure:8960: $? = 0
configure:8974: $PKG_CONFIG --exists --print-errors "libzmq >= 2.2.0"
configure:8977: $? = 0
configure:9017: result: yes
configure:9022: checking to see if compiler understands -Wall
configure:9037: gcc -c -g -O2 -Wall  conftest.c >&5
configure:9037: $? = 0
configure:9040: result: yes
configure:9164: checking that generated files are newer than configure
configure:9170: result: done
configure:9197: creating ./config.status

## ---------------------- ##
## Running config.status. ##
## ---------------------- ##

This file was extended by gst-zeromq config.status 1.0.0, which was
generated by GNU Autoconf 2.69.  Invocation command line was

  CONFIG_FILES    = 
  CONFIG_HEADERS  = 
  CONFIG_LINKS    = 
  CONFIG_COMMANDS = 
  $ ./config.status 

on HP-ALPHA-CENTAURI

config.status:1097: creating Makefile
config.status:1097: creating src/Makefile
config.status:1097: creating src/zeromq/Makefile
config.status:1097: creating config.h
config.status:1326: executing depfiles commands
config.status:1403: cd src/zeromq       && sed -e '/# am--include-marker/d' Makefile         | make -f - am--depfiles
config.status:1408: $? = 0
config.status:1326: executing libtool commands

## ---------------- ##
## Cache variables. ##
## ---------------- ##

ac_cv_build=x86_64-pc-linux-gnu
ac_cv_c_compiler_gnu=yes
ac_cv_env_CC_set=
ac_cv_env_CC_value=
ac_cv_env_CFLAGS_set=
ac_cv_env_CFLAGS_value=
ac_cv_env_CPPFLAGS_set=
ac_cv_env_CPPFLAGS_value=
ac_cv_env_CPP_set=
ac_cv_env_CPP_value=
ac_cv_env_GST_CFLAGS_set=
ac_cv_env_GST_CFLAGS_value=
ac_cv_env_GST_LIBS_set=
ac_cv_env_GST_LIBS_value=
ac_cv_env_LDFLAGS_set=
ac_cv_env_LDFLAGS_value=
ac_cv_env_LIBS_set=
ac_cv_env_LIBS_value=
ac_cv_env_LT_SYS_LIBRARY_PATH_set=
ac_cv_env_LT_SYS_LIBRARY_PATH_value=
ac_cv_env_PKG_CONFIG_LIBDIR_set=
ac_cv_env_PKG_CONFIG_LIBDIR_value=
ac_cv_env_PKG_CONFIG_PATH_set=set
ac_cv_env_PKG_CONFIG_PATH_value=/opt/ros/noetic/lib/pkgconfig
ac_cv_env_PKG_CONFIG_set=
ac_cv_env_PKG_CONFIG_value=
ac_cv_env_ZMQ_CFLAGS_set=
ac_cv_env_ZMQ_CFLAGS_value=
ac_cv_env_ZMQ_LIBS_set=
ac_cv_env_ZMQ_LIBS_value=
ac_cv_env_build_alias_set=
ac_cv_env_build_alias_value=
ac_cv_env_host_alias_set=
ac_cv_env_host_alias_value=
ac_cv_env_target_alias_set=
ac_cv_env_target_alias_value=
ac_cv_header_dlfcn_h=yes
ac_cv_header_inttypes_h=yes
ac_cv_header_memory_h=yes
ac_cv_header_stdc=yes
ac_cv_header_stdint_h=yes
ac_cv_header_stdlib_h=yes
ac_cv_header_string_h=yes
ac_cv_header_strings_h=yes
ac_cv_header_sys_stat_h=yes
ac_cv_header_sys_types_h=yes
ac_cv_header_unistd_h=yes
ac_cv_host=x86_64-pc-linux-gnu
ac_cv_objext=o
ac_cv_path_EGREP='/usr/bin/grep -E'
ac_cv_path_FGREP='/usr/bin/grep -F'
ac_cv_path_GREP=/usr/bin/grep
ac_cv_path_SED=/usr/bin/sed
ac_cv_path_ac_pt_PKG_CONFIG=/usr/bin/pkg-config
ac_cv_path_install='/usr/bin/install -c'
ac_cv_path_lt_DD=/usr/bin/dd
ac_cv_path_mkdir=/usr/bin/mkdir
ac_cv_prog_AWK=gawk
ac_cv_prog_CPP='gcc -E'
ac_cv_prog_HAVE_PKGCONFIG=' '
ac_cv_prog_ac_ct_AR=ar
ac_cv_prog_ac_ct_CC=gcc
ac_cv_prog_ac_ct_MANIFEST_TOOL=mt
ac_cv_prog_ac_ct_OBJDUMP=objdump
ac_cv_prog_ac_ct_RANLIB=ranlib
ac_cv_prog_ac_ct_STRIP=strip
ac_cv_prog_cc_c89=
ac_cv_prog_cc_g=yes
ac_cv_prog_make_make_set=yes
am_cv_CC_dependencies_compiler_type=gcc3
am_cv_make_support_nested_variables=yes
am_cv_prog_cc_c_o=yes
lt_cv_ar_at_file=@
lt_cv_archive_cmds_need_lc=no
lt_cv_deplibs_check_method=pass_all
lt_cv_file_magic_cmd='$MAGIC_CMD'
lt_cv_file_magic_test_file=
lt_cv_ld_reload_flag=-r
lt_cv_nm_interface='BSD nm'
lt_cv_objdir=.libs
lt_cv_path_LD=/usr/bin/ld
lt_cv_path_NM='/usr/bin/nm -B'
lt_cv_path_mainfest_tool=no
lt_cv_prog_compiler_c_o=yes
lt_cv_prog_compiler_pic='-fPIC -DPIC'
lt_cv_prog_compiler_pic_works=yes
lt_cv_prog_compiler_rtti_exceptions=no
lt_cv_prog_compiler_static_works=yes
lt_cv_prog_gnu_ld=yes
lt_cv_sharedlib_from_linklib_cmd='printf %s\n'
lt_cv_shlibpath_overrides_runpath=yes
lt_cv_sys_global_symbol_pipe='sed -n -e '\''s/^.*[	 ]\([ABCDGIRSTW][ABCDGIRSTW]*\)[	 ][	 ]*\([_A-Za-z][_A-Za-z0-9]*\)$/\1 \2 \2/p'\'' | sed '\''/ __gnu_lto/d'\'''
lt_cv_sys_global_symbol_to_c_name_address='sed -n -e '\''s/^: \(.*\) .*$/  {"\1", (void *) 0},/p'\'' -e '\''s/^[ABCDGIRSTW][ABCDGIRSTW]* .* \(.*\)$/  {"\1", (void *) \&\1},/p'\'''
lt_cv_sys_global_symbol_to_c_name_address_lib_prefix='sed -n -e '\''s/^: \(.*\) .*$/  {"\1", (void *) 0},/p'\'' -e '\''s/^[ABCDGIRSTW][ABCDGIRSTW]* .* \(lib.*\)$/  {"\1", (void *) \&\1},/p'\'' -e '\''s/^[ABCDGIRSTW][ABCDGIRSTW]* .* \(.*\)$/  {"lib\1", (void *) \&\1},/p'\'''
lt_cv_sys_global_symbol_to_cdecl='sed -n -e '\''s/^T .* \(.*\)$/extern int \1();/p'\'' -e '\''s/^[ABCDGIRSTW][ABCDGIRSTW]* .* \(.*\)$/extern char \1;/p'\'''
lt_cv_sys_global_symbol_to_import=
lt_cv_sys_max_cmd_len=1572864
lt_cv_to_host_file_cmd=func_convert_file_noop
lt_cv_to_tool_file_cmd=func_convert_file_noop
lt_cv_truncate_bin='/usr/bin/dd bs=4096 count=1'
pkg_cv_GST_CFLAGS='-pthread -I/usr/include/gstreamer-1.0 -I/usr/include/glib-2.0 -I/usr/lib/x86_64-linux-gnu/glib-2.0/include'
pkg_cv_GST_LIBS='-lgstbase-1.0 -lgstcontroller-1.0 -lgstreamer-1.0 -lgobject-2.0 -lglib-2.0'
pkg_cv_ZMQ_CFLAGS='-isystem /usr/include/mit-krb5 -I/usr/include/pgm-5.2'
pkg_cv_ZMQ_LIBS=-lzmq

## ----------------- ##
## Output variables. ##
## ----------------- ##

ACLOCAL='${SHELL} /home/luc/Documents/Mission_URBANLOOP/gst-zeromq/missing aclocal-1.16'
AMDEPBACKSLASH='\'
AMDEP_FALSE='#'
AMDEP_TRUE=''
AMTAR='$${TAR-tar}'
AM_BACKSLASH='\'
AM_DEFAULT_V='$(AM_DEFAULT_VERBOSITY)'
AM_DEFAULT_VERBOSITY='1'
AM_V='$(V)'
AR='ar'
AUTOCONF='${SHELL} /home/luc/Documents/Mission_URBANLOOP/gst-zeromq/missing autoconf'
AUTOHEADER='${SHELL} /home/luc/Documents/Mission_URBANLOOP/gst-zeromq/missing autoheader'
AUTOMAKE='${SHELL} /home/luc/Documents/Mission_URBANLOOP/gst-zeromq/missing automake-1.16'
AWK='gawk'
CC='gcc'
CCDEPMODE='depmode=gcc3'
CFLAGS='-g -O2 -Wall'
CPP='gcc -E'
CPPFLAGS=''
CYGPATH_W='echo'
DEFS='-DHAVE_CONFIG_H'
DEPDIR='.deps'
DLLTOOL='false'
DSYMUTIL=''
DUMPBIN=''
ECHO_C=''
ECHO_N='-n'
ECHO_T=''
EGREP='/usr/bin/grep -E'
EXEEXT=''
FGREP='/usr/bin/grep -F'
GREP='/usr/bin/grep'
GST_CFLAGS='-pthread -I/usr/include/gstreamer-1.0 -I/usr/include/glib-2.0 -I/usr/lib/x86_64-linux-gnu/glib-2.0/include -Wall'
GST_LIBS='-lgstbase-1.0 -lgstcontroller-1.0 -lgstreamer-1.0 -lgobject-2.0 -lglib-2.0'
GST_LICENSE='LGPL'
GST_PLUGIN_LDFLAGS='-module -avoid-version -export-symbols-regex _*\(gst_\|Gst\|GST_\).*'
HAVE_PKGCONFIG=' '
INSTALL_DATA='${INSTALL} -m 644'
INSTALL_PROGRAM='${INSTALL}'
INSTALL_SCRIPT='${INSTALL}'
INSTALL_STRIP_PROGRAM='$(install_sh) -c -s'
LD='/usr/bin/ld -m elf_x86_64'
LDFLAGS=''
LIBOBJS=''
LIBS=''
LIBTOOL='$(SHELL) $(top_builddir)/libtool'
LIPO=''
LN_S='ln -s'
LTLIBOBJS=''
LT_SYS_LIBRARY_PATH=''
MAINT=''
MAINTAINER_MODE_FALSE='#'
MAINTAINER_MODE_TRUE=''
MAKEINFO='${SHELL} /home/luc/Documents/Mission_URBANLOOP/gst-zeromq/missing makeinfo'
MANIFEST_TOOL=':'
MKDIR_P='/usr/bin/mkdir -p'
NM='/usr/bin/nm -B'
NMEDIT=''
OBJDUMP='objdump'
OBJEXT='o'
OTOOL64=''
OTOOL=''
PACKAGE='gst-zeromq'
PACKAGE_BUGREPORT=''
PACKAGE_NAME='gst-zeromq'
PACKAGE_STRING='gst-zeromq 1.0.0'
PACKAGE_TARNAME='gst-zeromq'
PACKAGE_URL=''
PACKAGE_VERSION='1.0.0'
PATH_SEPARATOR=':'
PKG_CONFIG='/usr/bin/pkg-config'
PKG_CONFIG_LIBDIR=''
PKG_CONFIG_PATH='/opt/ros/noetic/lib/pkgconfig'
RANLIB='ranlib'
SED='/usr/bin/sed'
SET_MAKE=''
SHELL='/bin/bash'
STRIP='strip'
VERSION='1.0.0'
ZMQ_CFLAGS='-isystem /usr/include/mit-krb5 -I/usr/include/pgm-5.2'
ZMQ_LIBS='-lzmq'
ac_ct_AR='ar'
ac_ct_CC='gcc'
ac_ct_DUMPBIN=''
am__EXEEXT_FALSE=''
am__EXEEXT_TRUE='#'
am__fastdepCC_FALSE='#'
am__fastdepCC_TRUE=''
am__include='include'
am__isrc=''
am__leading_dot='.'
am__nodep='_no'
am__quote=''
am__tar='$${TAR-tar} chof - "$$tardir"'
am__untar='$${TAR-tar} xf -'
bindir='${exec_prefix}/bin'
build='x86_64-pc-linux-gnu'
build_alias=''
build_cpu='x86_64'
build_os='linux-gnu'
build_vendor='pc'
datadir='${datarootdir}'
datarootdir='${prefix}/share'
docdir='${datarootdir}/doc/${PACKAGE_TARNAME}'
dvidir='${docdir}'
exec_prefix='${prefix}'
host='x86_64-pc-linux-gnu'
host_alias=''
host_cpu='x86_64'
host_os='linux-gnu'
host_vendor='pc'
htmldir='${docdir}'
includedir='${prefix}/include'
infodir='${datarootdir}/info'
install_sh='${SHELL} /home/luc/Documents/Mission_URBANLOOP/gst-zeromq/install-sh'
libdir='${exec_prefix}/lib'
libexecdir='${exec_prefix}/libexec'
localedir='${datarootdir}/locale'
localstatedir='${prefix}/var'
mandir='${datarootdir}/man'
mkdir_p='$(MKDIR_P)'
oldincludedir='/usr/include'
pdfdir='${docdir}'
plugindir='$(libdir)/gstreamer-1.0'
prefix='/usr/local'
program_transform_name='s,x,x,'
psdir='${docdir}'
runstatedir='${localstatedir}/run'
sbindir='${exec_prefix}/sbin'
sharedstatedir='${prefix}/com'
sysconfdir='${prefix}/etc'
target_alias=''

## ----------- ##
## confdefs.h. ##
## ----------- ##

/* confdefs.h */
#define PACKAGE_NAME "gst-zeromq"
#define PACKAGE_TARNAME "gst-zeromq"
#define PACKAGE_VERSION "1.0.0"
#define PACKAGE_STRING "gst-zeromq 1.0.0"
#define PACKAGE_BUGREPORT ""
#define PACKAGE_URL ""
#define PACKAGE "gst-zeromq"
#define VERSION "1.0.0"
#define STDC_HEADERS 1
#define HAVE_SYS_TYPES_H 1
#define HAVE_SYS_STAT_H 1
#define HAVE_STDLIB_H 1
#define HAVE_STRING_H 1
#define HAVE_MEMORY_H 1
#define HAVE_STRINGS_H 1
#define HAVE_INTTYPES_H 1
#define HAVE_STDINT_H 1
#define HAVE_UNISTD_H 1
#define HAVE_DLFCN_H 1
#define LT_OBJDIR ".libs/"
#define GST_LICENSE "LGPL"

configure: exit 0
